CRITICAL - 2023-11-30 12:35:32 --> Invalid file: "auth/auth/login.php"
in SYSTEMPATH\Exceptions\FrameworkException.php on line 39.
 1 SYSTEMPATH\View\View.php(216): CodeIgniter\Exceptions\FrameworkException::forInvalidFile('auth/auth/login.php')
 2 SYSTEMPATH\Common.php(1190): CodeIgniter\View\View->render('auth/auth/login', [], true)
 3 APPPATH\Controllers\Auth\LoginController.php(44): view('auth/auth/login')
 4 SYSTEMPATH\CodeIgniter.php(942): App\Controllers\Auth\LoginController->login()
 5 SYSTEMPATH\CodeIgniter.php(502): CodeIgniter\CodeIgniter->runController(Object(App\Controllers\Auth\LoginController))
 6 SYSTEMPATH\CodeIgniter.php(361): CodeIgniter\CodeIgniter->handleRequest(null, Object(Config\Cache), false)
 7 FCPATH\index.php(79): CodeIgniter\CodeIgniter->run()
CRITICAL - 2023-11-30 12:35:57 --> Invalid file: "auth/auth/login.php"
in SYSTEMPATH\Exceptions\FrameworkException.php on line 39.
 1 SYSTEMPATH\View\View.php(216): CodeIgniter\Exceptions\FrameworkException::forInvalidFile('auth/auth/login.php')
 2 SYSTEMPATH\Common.php(1190): CodeIgniter\View\View->render('auth/auth/login', [], true)
 3 APPPATH\Controllers\Auth\LoginController.php(44): view('auth/auth/login')
 4 SYSTEMPATH\CodeIgniter.php(942): App\Controllers\Auth\LoginController->login()
 5 SYSTEMPATH\CodeIgniter.php(502): CodeIgniter\CodeIgniter->runController(Object(App\Controllers\Auth\LoginController))
 6 SYSTEMPATH\CodeIgniter.php(361): CodeIgniter\CodeIgniter->handleRequest(null, Object(Config\Cache), false)
 7 FCPATH\index.php(79): CodeIgniter\CodeIgniter->run()
 8 SYSTEMPATH\Commands\Server\rewrite.php(47): require_once('C:\\xampp\\htdocs\\tyfu\\public\\index.php')
CRITICAL - 2023-11-30 12:36:08 --> Invalid file: "auth/auth/login.php"
in SYSTEMPATH\Exceptions\FrameworkException.php on line 39.
 1 SYSTEMPATH\View\View.php(216): CodeIgniter\Exceptions\FrameworkException::forInvalidFile('auth/auth/login.php')
 2 SYSTEMPATH\Common.php(1190): CodeIgniter\View\View->render('auth/auth/login', [], true)
 3 APPPATH\Controllers\Auth\LoginController.php(44): view('auth/auth/login')
 4 SYSTEMPATH\CodeIgniter.php(942): App\Controllers\Auth\LoginController->login()
 5 SYSTEMPATH\CodeIgniter.php(502): CodeIgniter\CodeIgniter->runController(Object(App\Controllers\Auth\LoginController))
 6 SYSTEMPATH\CodeIgniter.php(361): CodeIgniter\CodeIgniter->handleRequest(null, Object(Config\Cache), false)
 7 FCPATH\index.php(79): CodeIgniter\CodeIgniter->run()
 8 SYSTEMPATH\Commands\Server\rewrite.php(47): require_once('C:\\xampp\\htdocs\\tyfu\\public\\index.php')
CRITICAL - 2023-11-30 12:38:31 --> The namespace delimiter is a backslash (\), not a slash (/). Route handler: "\App\Controllers\Auth/LoginController::login"
in SYSTEMPATH\Router\Router.php on line 479.
 1 SYSTEMPATH\Router\Router.php(479): CodeIgniter\Router\Exceptions\RouterException::forInvalidControllerName('\\App\\Controllers\\Auth/LoginController::login')
 2 SYSTEMPATH\Router\Router.php(186): CodeIgniter\Router\Router->checkRoutes('login')
 3 SYSTEMPATH\CodeIgniter.php(823): CodeIgniter\Router\Router->handle('login')
 4 SYSTEMPATH\CodeIgniter.php(450): CodeIgniter\CodeIgniter->tryToRouteIt(Object(CodeIgniter\Router\RouteCollection))
 5 SYSTEMPATH\CodeIgniter.php(361): CodeIgniter\CodeIgniter->handleRequest(null, Object(Config\Cache), false)
 6 FCPATH\index.php(79): CodeIgniter\CodeIgniter->run()
 7 SYSTEMPATH\Commands\Server\rewrite.php(47): require_once('C:\\xampp\\htdocs\\tyfu\\public\\index.php')
CRITICAL - 2023-11-30 12:38:42 --> The namespace delimiter is a backslash (\), not a slash (/). Route handler: "\App\Controllers\Auth/LoginController::login"
in SYSTEMPATH\Router\Router.php on line 479.
 1 SYSTEMPATH\Router\Router.php(479): CodeIgniter\Router\Exceptions\RouterException::forInvalidControllerName('\\App\\Controllers\\Auth/LoginController::login')
 2 SYSTEMPATH\Router\Router.php(186): CodeIgniter\Router\Router->checkRoutes('login')
 3 SYSTEMPATH\CodeIgniter.php(823): CodeIgniter\Router\Router->handle('login')
 4 SYSTEMPATH\CodeIgniter.php(450): CodeIgniter\CodeIgniter->tryToRouteIt(Object(CodeIgniter\Router\RouteCollection))
 5 SYSTEMPATH\CodeIgniter.php(361): CodeIgniter\CodeIgniter->handleRequest(null, Object(Config\Cache), false)
 6 FCPATH\index.php(79): CodeIgniter\CodeIgniter->run()
 7 SYSTEMPATH\Commands\Server\rewrite.php(47): require_once('C:\\xampp\\htdocs\\tyfu\\public\\index.php')
CRITICAL - 2023-11-30 12:38:43 --> The namespace delimiter is a backslash (\), not a slash (/). Route handler: "\App\Controllers\Auth/LoginController::login"
in SYSTEMPATH\Router\Router.php on line 479.
 1 SYSTEMPATH\Router\Router.php(479): CodeIgniter\Router\Exceptions\RouterException::forInvalidControllerName('\\App\\Controllers\\Auth/LoginController::login')
 2 SYSTEMPATH\Router\Router.php(186): CodeIgniter\Router\Router->checkRoutes('login')
 3 SYSTEMPATH\CodeIgniter.php(823): CodeIgniter\Router\Router->handle('login')
 4 SYSTEMPATH\CodeIgniter.php(450): CodeIgniter\CodeIgniter->tryToRouteIt(Object(CodeIgniter\Router\RouteCollection))
 5 SYSTEMPATH\CodeIgniter.php(361): CodeIgniter\CodeIgniter->handleRequest(null, Object(Config\Cache), false)
 6 FCPATH\index.php(79): CodeIgniter\CodeIgniter->run()
 7 SYSTEMPATH\Commands\Server\rewrite.php(47): require_once('C:\\xampp\\htdocs\\tyfu\\public\\index.php')
CRITICAL - 2023-11-30 12:39:02 --> The namespace delimiter is a backslash (\), not a slash (/). Route handler: "\App\Controllers\Auth/LoginController::login"
in SYSTEMPATH\Router\Router.php on line 479.
 1 SYSTEMPATH\Router\Router.php(479): CodeIgniter\Router\Exceptions\RouterException::forInvalidControllerName('\\App\\Controllers\\Auth/LoginController::login')
 2 SYSTEMPATH\Router\Router.php(186): CodeIgniter\Router\Router->checkRoutes('login')
 3 SYSTEMPATH\CodeIgniter.php(823): CodeIgniter\Router\Router->handle('login')
 4 SYSTEMPATH\CodeIgniter.php(450): CodeIgniter\CodeIgniter->tryToRouteIt(Object(CodeIgniter\Router\RouteCollection))
 5 SYSTEMPATH\CodeIgniter.php(361): CodeIgniter\CodeIgniter->handleRequest(null, Object(Config\Cache), false)
 6 FCPATH\index.php(79): CodeIgniter\CodeIgniter->run()
 7 SYSTEMPATH\Commands\Server\rewrite.php(47): require_once('C:\\xampp\\htdocs\\tyfu\\public\\index.php')
CRITICAL - 2023-11-30 12:44:26 --> Invalid file: "auth/auth/login.php"
in SYSTEMPATH\Exceptions\FrameworkException.php on line 39.
 1 SYSTEMPATH\View\View.php(216): CodeIgniter\Exceptions\FrameworkException::forInvalidFile('auth/auth/login.php')
 2 SYSTEMPATH\Common.php(1190): CodeIgniter\View\View->render('auth/auth/login', [], true)
 3 APPPATH\Controllers\Auth\LoginController.php(44): view('auth/auth/login')
 4 SYSTEMPATH\CodeIgniter.php(942): App\Controllers\Auth\LoginController->login()
 5 SYSTEMPATH\CodeIgniter.php(502): CodeIgniter\CodeIgniter->runController(Object(App\Controllers\Auth\LoginController))
 6 SYSTEMPATH\CodeIgniter.php(361): CodeIgniter\CodeIgniter->handleRequest(null, Object(Config\Cache), false)
 7 FCPATH\index.php(79): CodeIgniter\CodeIgniter->run()
CRITICAL - 2023-11-30 12:45:03 --> Invalid file: "auth/auth/login.php"
in SYSTEMPATH\Exceptions\FrameworkException.php on line 39.
 1 SYSTEMPATH\View\View.php(216): CodeIgniter\Exceptions\FrameworkException::forInvalidFile('auth/auth/login.php')
 2 SYSTEMPATH\Common.php(1190): CodeIgniter\View\View->render('auth/auth/login', [], true)
 3 APPPATH\Controllers\Auth\LoginController.php(44): view('auth/auth/login')
 4 SYSTEMPATH\CodeIgniter.php(942): App\Controllers\Auth\LoginController->login()
 5 SYSTEMPATH\CodeIgniter.php(502): CodeIgniter\CodeIgniter->runController(Object(App\Controllers\Auth\LoginController))
 6 SYSTEMPATH\CodeIgniter.php(361): CodeIgniter\CodeIgniter->handleRequest(null, Object(Config\Cache), false)
 7 FCPATH\index.php(79): CodeIgniter\CodeIgniter->run()
CRITICAL - 2023-11-30 12:45:08 --> Invalid file: "auth/auth/login.php"
in SYSTEMPATH\Exceptions\FrameworkException.php on line 39.
 1 SYSTEMPATH\View\View.php(216): CodeIgniter\Exceptions\FrameworkException::forInvalidFile('auth/auth/login.php')
 2 SYSTEMPATH\Common.php(1190): CodeIgniter\View\View->render('auth/auth/login', [], true)
 3 APPPATH\Controllers\Auth\LoginController.php(44): view('auth/auth/login')
 4 SYSTEMPATH\CodeIgniter.php(942): App\Controllers\Auth\LoginController->login()
 5 SYSTEMPATH\CodeIgniter.php(502): CodeIgniter\CodeIgniter->runController(Object(App\Controllers\Auth\LoginController))
 6 SYSTEMPATH\CodeIgniter.php(361): CodeIgniter\CodeIgniter->handleRequest(null, Object(Config\Cache), false)
 7 FCPATH\index.php(79): CodeIgniter\CodeIgniter->run()
CRITICAL - 2023-11-30 12:45:10 --> Invalid file: "auth/auth/login.php"
in SYSTEMPATH\Exceptions\FrameworkException.php on line 39.
 1 SYSTEMPATH\View\View.php(216): CodeIgniter\Exceptions\FrameworkException::forInvalidFile('auth/auth/login.php')
 2 SYSTEMPATH\Common.php(1190): CodeIgniter\View\View->render('auth/auth/login', [], true)
 3 APPPATH\Controllers\Auth\LoginController.php(44): view('auth/auth/login')
 4 SYSTEMPATH\CodeIgniter.php(942): App\Controllers\Auth\LoginController->login()
 5 SYSTEMPATH\CodeIgniter.php(502): CodeIgniter\CodeIgniter->runController(Object(App\Controllers\Auth\LoginController))
 6 SYSTEMPATH\CodeIgniter.php(361): CodeIgniter\CodeIgniter->handleRequest(null, Object(Config\Cache), false)
 7 FCPATH\index.php(79): CodeIgniter\CodeIgniter->run()
CRITICAL - 2023-11-30 12:46:33 --> Invalid file: "auth/auth/login.php"
in SYSTEMPATH\Exceptions\FrameworkException.php on line 39.
 1 SYSTEMPATH\View\View.php(216): CodeIgniter\Exceptions\FrameworkException::forInvalidFile('auth/auth/login.php')
 2 SYSTEMPATH\Common.php(1190): CodeIgniter\View\View->render('auth/auth/login', [], true)
 3 APPPATH\Controllers\Auth\LoginController.php(44): view('auth/auth/login')
 4 SYSTEMPATH\CodeIgniter.php(942): App\Controllers\Auth\LoginController->login()
 5 SYSTEMPATH\CodeIgniter.php(502): CodeIgniter\CodeIgniter->runController(Object(App\Controllers\Auth\LoginController))
 6 SYSTEMPATH\CodeIgniter.php(361): CodeIgniter\CodeIgniter->handleRequest(null, Object(Config\Cache), false)
 7 FCPATH\index.php(79): CodeIgniter\CodeIgniter->run()
CRITICAL - 2023-11-30 12:46:49 --> Invalid file: "auth/auth/login.php"
in SYSTEMPATH\Exceptions\FrameworkException.php on line 39.
 1 SYSTEMPATH\View\View.php(216): CodeIgniter\Exceptions\FrameworkException::forInvalidFile('auth/auth/login.php')
 2 SYSTEMPATH\Common.php(1190): CodeIgniter\View\View->render('auth/auth/login', [], true)
 3 APPPATH\Controllers\Auth\LoginController.php(44): view('auth/auth/login')
 4 SYSTEMPATH\CodeIgniter.php(942): App\Controllers\Auth\LoginController->login()
 5 SYSTEMPATH\CodeIgniter.php(502): CodeIgniter\CodeIgniter->runController(Object(App\Controllers\Auth\LoginController))
 6 SYSTEMPATH\CodeIgniter.php(361): CodeIgniter\CodeIgniter->handleRequest(null, Object(Config\Cache), false)
 7 FCPATH\index.php(79): CodeIgniter\CodeIgniter->run()
CRITICAL - 2023-11-30 12:46:49 --> Invalid file: "auth/auth/login.php"
in SYSTEMPATH\Exceptions\FrameworkException.php on line 39.
 1 SYSTEMPATH\View\View.php(216): CodeIgniter\Exceptions\FrameworkException::forInvalidFile('auth/auth/login.php')
 2 SYSTEMPATH\Common.php(1190): CodeIgniter\View\View->render('auth/auth/login', [], true)
 3 APPPATH\Controllers\Auth\LoginController.php(44): view('auth/auth/login')
 4 SYSTEMPATH\CodeIgniter.php(942): App\Controllers\Auth\LoginController->login()
 5 SYSTEMPATH\CodeIgniter.php(502): CodeIgniter\CodeIgniter->runController(Object(App\Controllers\Auth\LoginController))
 6 SYSTEMPATH\CodeIgniter.php(361): CodeIgniter\CodeIgniter->handleRequest(null, Object(Config\Cache), false)
 7 FCPATH\index.php(79): CodeIgniter\CodeIgniter->run()
CRITICAL - 2023-11-30 12:46:50 --> Invalid file: "auth/auth/login.php"
in SYSTEMPATH\Exceptions\FrameworkException.php on line 39.
 1 SYSTEMPATH\View\View.php(216): CodeIgniter\Exceptions\FrameworkException::forInvalidFile('auth/auth/login.php')
 2 SYSTEMPATH\Common.php(1190): CodeIgniter\View\View->render('auth/auth/login', [], true)
 3 APPPATH\Controllers\Auth\LoginController.php(44): view('auth/auth/login')
 4 SYSTEMPATH\CodeIgniter.php(942): App\Controllers\Auth\LoginController->login()
 5 SYSTEMPATH\CodeIgniter.php(502): CodeIgniter\CodeIgniter->runController(Object(App\Controllers\Auth\LoginController))
 6 SYSTEMPATH\CodeIgniter.php(361): CodeIgniter\CodeIgniter->handleRequest(null, Object(Config\Cache), false)
 7 FCPATH\index.php(79): CodeIgniter\CodeIgniter->run()
CRITICAL - 2023-11-30 12:46:50 --> Invalid file: "auth/auth/login.php"
in SYSTEMPATH\Exceptions\FrameworkException.php on line 39.
 1 SYSTEMPATH\View\View.php(216): CodeIgniter\Exceptions\FrameworkException::forInvalidFile('auth/auth/login.php')
 2 SYSTEMPATH\Common.php(1190): CodeIgniter\View\View->render('auth/auth/login', [], true)
 3 APPPATH\Controllers\Auth\LoginController.php(44): view('auth/auth/login')
 4 SYSTEMPATH\CodeIgniter.php(942): App\Controllers\Auth\LoginController->login()
 5 SYSTEMPATH\CodeIgniter.php(502): CodeIgniter\CodeIgniter->runController(Object(App\Controllers\Auth\LoginController))
 6 SYSTEMPATH\CodeIgniter.php(361): CodeIgniter\CodeIgniter->handleRequest(null, Object(Config\Cache), false)
 7 FCPATH\index.php(79): CodeIgniter\CodeIgniter->run()
INFO - 2023-11-30 12:47:28 --> Session: Class initialized using 'CodeIgniter\Session\Handlers\FileHandler' driver.
INFO - 2023-11-30 12:47:34 --> Session: Class initialized using 'CodeIgniter\Session\Handlers\FileHandler' driver.
INFO - 2023-11-30 13:05:54 --> Session: Class initialized using 'CodeIgniter\Session\Handlers\FileHandler' driver.
CRITICAL - 2023-11-30 13:09:27 --> Call to a member function view() on string
in APPPATH\Controllers\Admin.php on line 11.
 1 SYSTEMPATH\CodeIgniter.php(942): App\Controllers\Admin->index()
 2 SYSTEMPATH\CodeIgniter.php(502): CodeIgniter\CodeIgniter->runController(Object(App\Controllers\Admin))
 3 SYSTEMPATH\CodeIgniter.php(361): CodeIgniter\CodeIgniter->handleRequest(null, Object(Config\Cache), false)
 4 FCPATH\index.php(79): CodeIgniter\CodeIgniter->run()
CRITICAL - 2023-11-30 17:38:47 --> Invalid file: "admin/common/page_head.php"
in SYSTEMPATH\Exceptions\FrameworkException.php on line 39.
 1 SYSTEMPATH\View\View.php(216): CodeIgniter\Exceptions\FrameworkException::forInvalidFile('admin/common/page_head.php')
 2 SYSTEMPATH\Common.php(1190): CodeIgniter\View\View->render('admin/common/page_head', [], true)
 3 APPPATH\Views\admin\index.php(21): view('admin/common/page_head')
 4 SYSTEMPATH\View\View.php(228): include('C:\\xampp\\htdocs\\tyfu\\app\\Views\\admin\\index.php')
 5 SYSTEMPATH\View\View.php(231): CodeIgniter\View\View->CodeIgniter\View\{closure}()
 6 SYSTEMPATH\Common.php(1190): CodeIgniter\View\View->render('admin/index', [], true)
 7 APPPATH\Controllers\Admin.php(13): view('admin/index')
 8 SYSTEMPATH\CodeIgniter.php(942): App\Controllers\Admin->index()
 9 SYSTEMPATH\CodeIgniter.php(502): CodeIgniter\CodeIgniter->runController(Object(App\Controllers\Admin))
10 SYSTEMPATH\CodeIgniter.php(361): CodeIgniter\CodeIgniter->handleRequest(null, Object(Config\Cache), false)
11 FCPATH\index.php(79): CodeIgniter\CodeIgniter->run()
CRITICAL - 2023-11-30 17:38:57 --> Invalid file: "admin/common/page_head.php"
in SYSTEMPATH\Exceptions\FrameworkException.php on line 39.
 1 SYSTEMPATH\View\View.php(216): CodeIgniter\Exceptions\FrameworkException::forInvalidFile('admin/common/page_head.php')
 2 SYSTEMPATH\Common.php(1190): CodeIgniter\View\View->render('admin/common/page_head', [], true)
 3 APPPATH\Views\admin\index.php(21): view('admin/common/page_head')
 4 SYSTEMPATH\View\View.php(228): include('C:\\xampp\\htdocs\\tyfu\\app\\Views\\admin\\index.php')
 5 SYSTEMPATH\View\View.php(231): CodeIgniter\View\View->CodeIgniter\View\{closure}()
 6 SYSTEMPATH\Common.php(1190): CodeIgniter\View\View->render('admin/index', [], true)
 7 APPPATH\Controllers\Admin.php(13): view('admin/index')
 8 SYSTEMPATH\CodeIgniter.php(942): App\Controllers\Admin->index()
 9 SYSTEMPATH\CodeIgniter.php(502): CodeIgniter\CodeIgniter->runController(Object(App\Controllers\Admin))
10 SYSTEMPATH\CodeIgniter.php(361): CodeIgniter\CodeIgniter->handleRequest(null, Object(Config\Cache), false)
11 FCPATH\index.php(79): CodeIgniter\CodeIgniter->run()
CRITICAL - 2023-11-30 17:39:03 --> Invalid file: "common/page_head.php"
in SYSTEMPATH\Exceptions\FrameworkException.php on line 39.
 1 SYSTEMPATH\View\View.php(216): CodeIgniter\Exceptions\FrameworkException::forInvalidFile('common/page_head.php')
 2 SYSTEMPATH\Common.php(1190): CodeIgniter\View\View->render('common/page_head', [], true)
 3 APPPATH\Views\admin\index.php(21): view('common/page_head')
 4 SYSTEMPATH\View\View.php(228): include('C:\\xampp\\htdocs\\tyfu\\app\\Views\\admin\\index.php')
 5 SYSTEMPATH\View\View.php(231): CodeIgniter\View\View->CodeIgniter\View\{closure}()
 6 SYSTEMPATH\Common.php(1190): CodeIgniter\View\View->render('admin/index', [], true)
 7 APPPATH\Controllers\Admin.php(13): view('admin/index')
 8 SYSTEMPATH\CodeIgniter.php(942): App\Controllers\Admin->index()
 9 SYSTEMPATH\CodeIgniter.php(502): CodeIgniter\CodeIgniter->runController(Object(App\Controllers\Admin))
10 SYSTEMPATH\CodeIgniter.php(361): CodeIgniter\CodeIgniter->handleRequest(null, Object(Config\Cache), false)
11 FCPATH\index.php(79): CodeIgniter\CodeIgniter->run()
CRITICAL - 2023-11-30 17:39:07 --> Invalid file: "page_head.php"
in SYSTEMPATH\Exceptions\FrameworkException.php on line 39.
 1 SYSTEMPATH\View\View.php(216): CodeIgniter\Exceptions\FrameworkException::forInvalidFile('page_head.php')
 2 SYSTEMPATH\Common.php(1190): CodeIgniter\View\View->render('page_head', [], true)
 3 APPPATH\Views\admin\index.php(21): view('page_head')
 4 SYSTEMPATH\View\View.php(228): include('C:\\xampp\\htdocs\\tyfu\\app\\Views\\admin\\index.php')
 5 SYSTEMPATH\View\View.php(231): CodeIgniter\View\View->CodeIgniter\View\{closure}()
 6 SYSTEMPATH\Common.php(1190): CodeIgniter\View\View->render('admin/index', [], true)
 7 APPPATH\Controllers\Admin.php(13): view('admin/index')
 8 SYSTEMPATH\CodeIgniter.php(942): App\Controllers\Admin->index()
 9 SYSTEMPATH\CodeIgniter.php(502): CodeIgniter\CodeIgniter->runController(Object(App\Controllers\Admin))
10 SYSTEMPATH\CodeIgniter.php(361): CodeIgniter\CodeIgniter->handleRequest(null, Object(Config\Cache), false)
11 FCPATH\index.php(79): CodeIgniter\CodeIgniter->run()
CRITICAL - 2023-11-30 17:40:05 --> Invalid file: "App/Views/admin/common/page-head.php"
in SYSTEMPATH\Exceptions\FrameworkException.php on line 39.
 1 SYSTEMPATH\View\View.php(216): CodeIgniter\Exceptions\FrameworkException::forInvalidFile('App/Views/admin/common/page-head.php')
 2 SYSTEMPATH\Common.php(1190): CodeIgniter\View\View->render('App/Views/admin/common/page-head', [], true)
 3 APPPATH\Views\admin\index.php(21): view('App/Views/admin/common/page-head')
 4 SYSTEMPATH\View\View.php(228): include('C:\\xampp\\htdocs\\tyfu\\app\\Views\\admin\\index.php')
 5 SYSTEMPATH\View\View.php(231): CodeIgniter\View\View->CodeIgniter\View\{closure}()
 6 SYSTEMPATH\Common.php(1190): CodeIgniter\View\View->render('admin/index', [], true)
 7 APPPATH\Controllers\Admin.php(13): view('admin/index')
 8 SYSTEMPATH\CodeIgniter.php(942): App\Controllers\Admin->index()
 9 SYSTEMPATH\CodeIgniter.php(502): CodeIgniter\CodeIgniter->runController(Object(App\Controllers\Admin))
10 SYSTEMPATH\CodeIgniter.php(361): CodeIgniter\CodeIgniter->handleRequest(null, Object(Config\Cache), false)
11 FCPATH\index.php(79): CodeIgniter\CodeIgniter->run()
CRITICAL - 2023-11-30 17:42:58 --> syntax error, unexpected token ";"
in APPPATH\Views\admin\index.php on line 26.
 1 SYSTEMPATH\View\View.php(231): CodeIgniter\View\View->CodeIgniter\View\{closure}()
 2 SYSTEMPATH\Common.php(1190): CodeIgniter\View\View->render('admin/index', [], true)
 3 APPPATH\Controllers\Admin.php(13): view('admin/index')
 4 SYSTEMPATH\CodeIgniter.php(942): App\Controllers\Admin->index()
 5 SYSTEMPATH\CodeIgniter.php(502): CodeIgniter\CodeIgniter->runController(Object(App\Controllers\Admin))
 6 SYSTEMPATH\CodeIgniter.php(361): CodeIgniter\CodeIgniter->handleRequest(null, Object(Config\Cache), false)
 7 FCPATH\index.php(79): CodeIgniter\CodeIgniter->run()
CRITICAL - 2023-11-30 17:46:40 --> Invalid file: "admin/common/page-header.php"
in SYSTEMPATH\Exceptions\FrameworkException.php on line 39.
 1 SYSTEMPATH\View\View.php(216): CodeIgniter\Exceptions\FrameworkException::forInvalidFile('admin/common/page-header.php')
 2 SYSTEMPATH\Common.php(1190): CodeIgniter\View\View->render('admin/common/page-header', [], true)
 3 APPPATH\Controllers\Admin.php(11): view('admin/common/page-header')
 4 SYSTEMPATH\CodeIgniter.php(942): App\Controllers\Admin->index()
 5 SYSTEMPATH\CodeIgniter.php(502): CodeIgniter\CodeIgniter->runController(Object(App\Controllers\Admin))
 6 SYSTEMPATH\CodeIgniter.php(361): CodeIgniter\CodeIgniter->handleRequest(null, Object(Config\Cache), false)
 7 FCPATH\index.php(79): CodeIgniter\CodeIgniter->run()
CRITICAL - 2023-11-30 17:48:30 --> Invalid file: "Appiews\admin\common\sidebar.php"
in SYSTEMPATH\Exceptions\FrameworkException.php on line 39.
 1 SYSTEMPATH\View\View.php(216): CodeIgniter\Exceptions\FrameworkException::forInvalidFile('Appiews\\admin\\common\\sidebar.php')
 2 SYSTEMPATH\Common.php(1190): CodeIgniter\View\View->render('Appiews\\admin\\common\\sidebar', [], true)
 3 APPPATH\Views\admin\index.php(5): view('Appiews\\admin\\common\\sidebar')
 4 SYSTEMPATH\View\View.php(228): include('C:\\xampp\\htdocs\\tyfu\\app\\Views\\admin\\index.php')
 5 SYSTEMPATH\View\View.php(231): CodeIgniter\View\View->CodeIgniter\View\{closure}()
 6 SYSTEMPATH\Common.php(1190): CodeIgniter\View\View->render('admin/index', [], true)
 7 APPPATH\Controllers\Admin.php(13): view('admin/index')
 8 SYSTEMPATH\CodeIgniter.php(942): App\Controllers\Admin->index()
 9 SYSTEMPATH\CodeIgniter.php(502): CodeIgniter\CodeIgniter->runController(Object(App\Controllers\Admin))
10 SYSTEMPATH\CodeIgniter.php(361): CodeIgniter\CodeIgniter->handleRequest(null, Object(Config\Cache), false)
11 FCPATH\index.php(79): CodeIgniter\CodeIgniter->run()
CRITICAL - 2023-11-30 17:48:35 --> Invalid file: "Appiew\admin\common\sidebar.php"
in SYSTEMPATH\Exceptions\FrameworkException.php on line 39.
 1 SYSTEMPATH\View\View.php(216): CodeIgniter\Exceptions\FrameworkException::forInvalidFile('Appiew\\admin\\common\\sidebar.php')
 2 SYSTEMPATH\Common.php(1190): CodeIgniter\View\View->render('Appiew\\admin\\common\\sidebar', [], true)
 3 APPPATH\Views\admin\index.php(5): view('Appiew\\admin\\common\\sidebar')
 4 SYSTEMPATH\View\View.php(228): include('C:\\xampp\\htdocs\\tyfu\\app\\Views\\admin\\index.php')
 5 SYSTEMPATH\View\View.php(231): CodeIgniter\View\View->CodeIgniter\View\{closure}()
 6 SYSTEMPATH\Common.php(1190): CodeIgniter\View\View->render('admin/index', [], true)
 7 APPPATH\Controllers\Admin.php(13): view('admin/index')
 8 SYSTEMPATH\CodeIgniter.php(942): App\Controllers\Admin->index()
 9 SYSTEMPATH\CodeIgniter.php(502): CodeIgniter\CodeIgniter->runController(Object(App\Controllers\Admin))
10 SYSTEMPATH\CodeIgniter.php(361): CodeIgniter\CodeIgniter->handleRequest(null, Object(Config\Cache), false)
11 FCPATH\index.php(79): CodeIgniter\CodeIgniter->run()
CRITICAL - 2023-11-30 17:48:39 --> Invalid file: "App\View\admin\common\sidebar.php"
in SYSTEMPATH\Exceptions\FrameworkException.php on line 39.
 1 SYSTEMPATH\View\View.php(216): CodeIgniter\Exceptions\FrameworkException::forInvalidFile('App\\View\\admin\\common\\sidebar.php')
 2 SYSTEMPATH\Common.php(1190): CodeIgniter\View\View->render('App\\View\\admin\\common\\sidebar', [], true)
 3 APPPATH\Views\admin\index.php(5): view('App\\View\\admin\\common\\sidebar')
 4 SYSTEMPATH\View\View.php(228): include('C:\\xampp\\htdocs\\tyfu\\app\\Views\\admin\\index.php')
 5 SYSTEMPATH\View\View.php(231): CodeIgniter\View\View->CodeIgniter\View\{closure}()
 6 SYSTEMPATH\Common.php(1190): CodeIgniter\View\View->render('admin/index', [], true)
 7 APPPATH\Controllers\Admin.php(13): view('admin/index')
 8 SYSTEMPATH\CodeIgniter.php(942): App\Controllers\Admin->index()
 9 SYSTEMPATH\CodeIgniter.php(502): CodeIgniter\CodeIgniter->runController(Object(App\Controllers\Admin))
10 SYSTEMPATH\CodeIgniter.php(361): CodeIgniter\CodeIgniter->handleRequest(null, Object(Config\Cache), false)
11 FCPATH\index.php(79): CodeIgniter\CodeIgniter->run()
INFO - 2023-11-30 18:07:13 --> Session: Class initialized using 'CodeIgniter\Session\Handlers\FileHandler' driver.
